
--------------------------------------------------
TXLib предупреждает:

Программа: D:\school\КПК\Репозиторий\Boll_Boll\Boll_Boll\Collisions.exe,

ВНЕЗАПНО: Недопустимая операция с плавающей точкой.

#1: Исключение EXCEPTION_FLT_INVALID_OPERATION (0xC0000090) при выполнении кода по адресу 0x0041EB02 в функции txEllipse() в файле D:/school/КПК/Репозиторий/igorbegining/TX/TXLib.h на строке 13255 в модуле D:\school\КПК\Репозиторий\Boll_Boll\Boll_Boll\Collisions.exe. Спасибо _txUnhandledExceptionFilter(), что сообщил. Люблю его <3

#1: TXLib [Ver: 00173a, Rev: 171, Date: 2021-05-09 22:50:05 +0400], Instance: 0x00506304 (32-bit), Flags: CMdRe0, Thread: 0x1C40 (Main). 

--------------------------------------------------
Стек вызовов:

# 0 0x0041EB02 in D:\school\КПК\Репозиторий\Boll_Boll\Boll_Boll\Collisions.exe: txEllipse() at D:/school/КПК/Репозиторий/igorbegining/TX/TXLib.h (13255)
# 1 0x0041ED46 in D:\school\КПК\Репозиторий\Boll_Boll\Boll_Boll\Collisions.exe: txCircle() at D:/school/КПК/Репозиторий/igorbegining/TX/TXLib.h (13262)

# 2 0x0042D2B8 in D:\school\КПК\Репозиторий\Boll_Boll\Boll_Boll\Collisions.exe: DrawBall() at D:/school/КПК/Репозиторий/Boll_Boll/Boll_Boll/Collisions.cpp (107):

    105:      txSetFillColor (Ball.fillcolor);
    106: 
=>  107:      txCircle (Ball.x, Ball.y, Ball.rBall);
    108:      }
    109: 

# 3 0x0042CA2A in D:\school\КПК\Репозиторий\Boll_Boll\Boll_Boll\Collisions.exe: Move_Ball() at D:/school/КПК/Репозиторий/Boll_Boll/Boll_Boll/Collisions.cpp (51):

     49:         {
     50:         txClear ();
=>   51:         DrawBall (Ball1);
     52:         DrawBall (Ball2);
     53:         txSetFillColor (TX_BLACK);

# 4 0x0042C8D9 in D:\school\КПК\Репозиторий\Boll_Boll\Boll_Boll\Collisions.exe: main() at D:/school/КПК/Репозиторий/Boll_Boll/Boll_Boll/Collisions.cpp (32):

     30:     txCreateWindow (900, 600);
     31: 
=>   32:     Move_Ball ();
     33: 
     34:     return 0;

--------------------------------------------------
Стек вызовов TX:

# 0 in bool {anonymous}::TX::txEllipse(double, double, double, double, HDC) at D:\school\КПК\Репозиторий\igorbegining\TX\TXLib.h (13255):

  13253: $1  if (_TX_DEFAULT_HDC_FAILED (dc)) return false;
  13254: 
=>13255: $   return txGDI ((Win32::Ellipse (dc, ROUND (x0), ROUND (y0), ROUND (x1), ROUND (y1))), dc);
  13256:     }
  13257: 

# 1 in bool {anonymous}::TX::txCircle(double, double, double) at D:\school\КПК\Репозиторий\igorbegining\TX\TXLib.h (13262):

  13260: bool txCircle (double x, double y, double r)
  13261:     {
=>13262: $1  return txEllipse (x-r, y-r, x+r, y+r);
  13263:     }
  13264: 

# 2 in void DrawBall(Ball) at D:\school\КПК\Репозиторий\Boll_Boll\Boll_Boll\Collisions.cpp (107):

    105:      txSetFillColor (Ball.fillcolor);
    106: 
=>  107:      txCircle (Ball.x, Ball.y, Ball.rBall);
    108:      }
    109: 

--------------------------------------------------
Developed with:

The Dumb Artist Library (TX Library)
TXLib [Ver: 00173a, Rev: 171, Date: 2021-05-09 22:50:05 +0400]
Copyright (C) Ded (Ilya Dedinsky, http://txlib.ru) <mail@txlib.ru>
See license on: http://txlib.ru

TXLib file:	D:\school\КПК\Репозиторий\igorbegining\TX\TXLib.h
Compiled:	Jul  3 2021 09:57:22, GNU g++ 4.8.1, std=201103L, MinGW Runtime 3.20, 32-bit, DEBUG
Started:	Jul 03 2021 09:57:28

Run file:	D:\school\КПК\Репозиторий\Boll_Boll\Boll_Boll\Collisions.exe
Directory:	D:\school\КПК\Репозиторий\Boll_Boll\Boll_Boll

--------------------------------------------------

--------------------------------------------------
TXLib соболезнует...

Программа: D:\school\КПК\Репозиторий\Boll_Boll\Boll_Boll\Collisions.exe,

ВНЕЗАПНО: signal (8, 0x00): SIGFPE: Грубая ошибка в вычислениях. 

Недопустимая операция с плавающей точкой.

#1: Исключение EXCEPTION_FLT_INVALID_OPERATION (0xC0000090) при выполнении кода по адресу 0x0041EB02 в функции txEllipse() в файле D:/school/КПК/Репозиторий/igorbegining/TX/TXLib.h на строке 13255 в модуле D:\school\КПК\Репозиторий\Boll_Boll\Boll_Boll\Collisions.exe. Спасибо _txUnhandledExceptionFilter(), что сообщил. Люблю его <3

С помощью функции signal() вы можете сами обработать эту ошибку.

#2: TXLib [Ver: 00173a, Rev: 171, Date: 2021-05-09 22:50:05 +0400], Instance: 0x00506304 (32-bit), Flags: CMdRe0, Thread: 0x1C40 (Main). 

--------------------------------------------------
Стек вызовов:

# 0 0x0041EB02 in D:\school\КПК\Репозиторий\Boll_Boll\Boll_Boll\Collisions.exe: txEllipse() at D:/school/КПК/Репозиторий/igorbegining/TX/TXLib.h (13255)
# 1 0x0041ED46 in D:\school\КПК\Репозиторий\Boll_Boll\Boll_Boll\Collisions.exe: txCircle() at D:/school/КПК/Репозиторий/igorbegining/TX/TXLib.h (13262)

# 2 0x0042D2B8 in D:\school\КПК\Репозиторий\Boll_Boll\Boll_Boll\Collisions.exe: DrawBall() at D:/school/КПК/Репозиторий/Boll_Boll/Boll_Boll/Collisions.cpp (107):

    105:      txSetFillColor (Ball.fillcolor);
    106: 
=>  107:      txCircle (Ball.x, Ball.y, Ball.rBall);
    108:      }
    109: 

# 3 0x0042CA2A in D:\school\КПК\Репозиторий\Boll_Boll\Boll_Boll\Collisions.exe: Move_Ball() at D:/school/КПК/Репозиторий/Boll_Boll/Boll_Boll/Collisions.cpp (51):

     49:         {
     50:         txClear ();
=>   51:         DrawBall (Ball1);
     52:         DrawBall (Ball2);
     53:         txSetFillColor (TX_BLACK);

# 4 0x0042C8D9 in D:\school\КПК\Репозиторий\Boll_Boll\Boll_Boll\Collisions.exe: main() at D:/school/КПК/Репозиторий/Boll_Boll/Boll_Boll/Collisions.cpp (32):

     30:     txCreateWindow (900, 600);
     31: 
=>   32:     Move_Ball ();
     33: 
     34:     return 0;

--------------------------------------------------
Стек вызовов TX:

# 0 in bool {anonymous}::TX::txEllipse(double, double, double, double, HDC) at D:\school\КПК\Репозиторий\igorbegining\TX\TXLib.h (13255):

  13253: $1  if (_TX_DEFAULT_HDC_FAILED (dc)) return false;
  13254: 
=>13255: $   return txGDI ((Win32::Ellipse (dc, ROUND (x0), ROUND (y0), ROUND (x1), ROUND (y1))), dc);
  13256:     }
  13257: 

# 1 in bool {anonymous}::TX::txCircle(double, double, double) at D:\school\КПК\Репозиторий\igorbegining\TX\TXLib.h (13262):

  13260: bool txCircle (double x, double y, double r)
  13261:     {
=>13262: $1  return txEllipse (x-r, y-r, x+r, y+r);
  13263:     }
  13264: 

# 2 in void DrawBall(Ball) at D:\school\КПК\Репозиторий\Boll_Boll\Boll_Boll\Collisions.cpp (107):

    105:      txSetFillColor (Ball.fillcolor);
    106: 
=>  107:      txCircle (Ball.x, Ball.y, Ball.rBall);
    108:      }
    109: 

--------------------------------------------------
Developed with:

The Dumb Artist Library (TX Library)
TXLib [Ver: 00173a, Rev: 171, Date: 2021-05-09 22:50:05 +0400]
Copyright (C) Ded (Ilya Dedinsky, http://txlib.ru) <mail@txlib.ru>
See license on: http://txlib.ru

TXLib file:	D:\school\КПК\Репозиторий\igorbegining\TX\TXLib.h
Compiled:	Jul  3 2021 09:57:22, GNU g++ 4.8.1, std=201103L, MinGW Runtime 3.20, 32-bit, DEBUG
Started:	Jul 03 2021 09:57:28

Run file:	D:\school\КПК\Репозиторий\Boll_Boll\Boll_Boll\Collisions.exe
Directory:	D:\school\КПК\Репозиторий\Boll_Boll\Boll_Boll

--------------------------------------------------
